gsettings set org.freedesktop.pulseaudio.module-group args0 '' 
gsettings set org.freedesktop.pulseaudio.module-group args1 '' 
gsettings set org.freedesktop.pulseaudio.module-group args2 '' 
gsettings set org.freedesktop.pulseaudio.module-group args3 '' 
gsettings set org.freedesktop.pulseaudio.module-group args4 '' 
gsettings set org.freedesktop.pulseaudio.module-group args5 '' 
gsettings set org.freedesktop.pulseaudio.module-group args6 '' 
gsettings set org.freedesktop.pulseaudio.module-group args7 '' 
gsettings set org.freedesktop.pulseaudio.module-group args8 '' 
gsettings set org.freedesktop.pulseaudio.module-group args9 '' 
gsettings set org.freedesktop.pulseaudio.module-group enabled false 
gsettings set org.freedesktop.pulseaudio.module-group locked false 
gsettings set org.freedesktop.pulseaudio.module-group name '' 
gsettings set org.freedesktop.pulseaudio.module-group name0 '' 
gsettings set org.freedesktop.pulseaudio.module-group name1 '' 
gsettings set org.freedesktop.pulseaudio.module-group name2 '' 
gsettings set org.freedesktop.pulseaudio.module-group name3 '' 
gsettings set org.freedesktop.pulseaudio.module-group name4 '' 
gsettings set org.freedesktop.pulseaudio.module-group name5 '' 
gsettings set org.freedesktop.pulseaudio.module-group name6 '' 
gsettings set org.freedesktop.pulseaudio.module-group name7 '' 
gsettings set org.freedesktop.pulseaudio.module-group name8 '' 
gsettings set org.freedesktop.pulseaudio.module-group name9 '' 
gsettings set org.freedesktop.pulseaudio.module-group args0 '' 
gsettings set org.freedesktop.pulseaudio.module-group args1 '' 
gsettings set org.freedesktop.pulseaudio.module-group args2 '' 
gsettings set org.freedesktop.pulseaudio.module-group args3 '' 
gsettings set org.freedesktop.pulseaudio.module-group args4 '' 
gsettings set org.freedesktop.pulseaudio.module-group args5 '' 
gsettings set org.freedesktop.pulseaudio.module-group args6 '' 
gsettings set org.freedesktop.pulseaudio.module-group args7 '' 
gsettings set org.freedesktop.pulseaudio.module-group args8 '' 
gsettings set org.freedesktop.pulseaudio.module-group args9 '' 
gsettings set org.freedesktop.pulseaudio.module-group enabled false 
gsettings set org.freedesktop.pulseaudio.module-group locked false 
gsettings set org.freedesktop.pulseaudio.module-group name '' 
gsettings set org.freedesktop.pulseaudio.module-group name0 '' 
gsettings set org.freedesktop.pulseaudio.module-group name1 '' 
gsettings set org.freedesktop.pulseaudio.module-group name2 '' 
gsettings set org.freedesktop.pulseaudio.module-group name3 '' 
gsettings set org.freedesktop.pulseaudio.module-group name4 '' 
gsettings set org.freedesktop.pulseaudio.module-group name5 '' 
gsettings set org.freedesktop.pulseaudio.module-group name6 '' 
gsettings set org.freedesktop.pulseaudio.module-group name7 '' 
gsettings set org.freedesktop.pulseaudio.module-group name8 '' 
gsettings set org.freedesktop.pulseaudio.module-group name9 '' 
gsettings set org.freedesktop.pulseaudio.module-group args0 '' 
gsettings set org.freedesktop.pulseaudio.module-group args1 '' 
gsettings set org.freedesktop.pulseaudio.module-group args2 '' 
gsettings set org.freedesktop.pulseaudio.module-group args3 '' 
gsettings set org.freedesktop.pulseaudio.module-group args4 '' 
gsettings set org.freedesktop.pulseaudio.module-group args5 '' 
gsettings set org.freedesktop.pulseaudio.module-group args6 '' 
gsettings set org.freedesktop.pulseaudio.module-group args7 '' 
gsettings set org.freedesktop.pulseaudio.module-group args8 '' 
gsettings set org.freedesktop.pulseaudio.module-group args9 '' 
gsettings set org.freedesktop.pulseaudio.module-group enabled false 
gsettings set org.freedesktop.pulseaudio.module-group locked false 
gsettings set org.freedesktop.pulseaudio.module-group name '' 
gsettings set org.freedesktop.pulseaudio.module-group name0 '' 
gsettings set org.freedesktop.pulseaudio.module-group name1 '' 
gsettings set org.freedesktop.pulseaudio.module-group name2 '' 
gsettings set org.freedesktop.pulseaudio.module-group name3 '' 
gsettings set org.freedesktop.pulseaudio.module-group name4 '' 
gsettings set org.freedesktop.pulseaudio.module-group name5 '' 
gsettings set org.freedesktop.pulseaudio.module-group name6 '' 
gsettings set org.freedesktop.pulseaudio.module-group name7 '' 
gsettings set org.freedesktop.pulseaudio.module-group name8 '' 
gsettings set org.freedesktop.pulseaudio.module-group name9 '' 
gsettings set org.freedesktop.pulseaudio.module-group args0 '' 
gsettings set org.freedesktop.pulseaudio.module-group args1 '' 
gsettings set org.freedesktop.pulseaudio.module-group args2 '' 
gsettings set org.freedesktop.pulseaudio.module-group args3 '' 
gsettings set org.freedesktop.pulseaudio.module-group args4 '' 
gsettings set org.freedesktop.pulseaudio.module-group args5 '' 
gsettings set org.freedesktop.pulseaudio.module-group args6 '' 
gsettings set org.freedesktop.pulseaudio.module-group args7 '' 
gsettings set org.freedesktop.pulseaudio.module-group args8 '' 
gsettings set org.freedesktop.pulseaudio.module-group args9 '' 
gsettings set org.freedesktop.pulseaudio.module-group enabled false 
gsettings set org.freedesktop.pulseaudio.module-group locked false 
gsettings set org.freedesktop.pulseaudio.module-group name '' 
gsettings set org.freedesktop.pulseaudio.module-group name0 '' 
gsettings set org.freedesktop.pulseaudio.module-group name1 '' 
gsettings set org.freedesktop.pulseaudio.module-group name2 '' 
gsettings set org.freedesktop.pulseaudio.module-group name3 '' 
gsettings set org.freedesktop.pulseaudio.module-group name4 '' 
gsettings set org.freedesktop.pulseaudio.module-group name5 '' 
gsettings set org.freedesktop.pulseaudio.module-group name6 '' 
gsettings set org.freedesktop.pulseaudio.module-group name7 '' 
gsettings set org.freedesktop.pulseaudio.module-group name8 '' 
gsettings set org.freedesktop.pulseaudio.module-group name9 '' 
gsettings set org.freedesktop.pulseaudio.module-group args0 '' 
gsettings set org.freedesktop.pulseaudio.module-group args1 '' 
gsettings set org.freedesktop.pulseaudio.module-group args2 '' 
gsettings set org.freedesktop.pulseaudio.module-group args3 '' 
gsettings set org.freedesktop.pulseaudio.module-group args4 '' 
gsettings set org.freedesktop.pulseaudio.module-group args5 '' 
gsettings set org.freedesktop.pulseaudio.module-group args6 '' 
gsettings set org.freedesktop.pulseaudio.module-group args7 '' 
gsettings set org.freedesktop.pulseaudio.module-group args8 '' 
gsettings set org.freedesktop.pulseaudio.module-group args9 '' 
gsettings set org.freedesktop.pulseaudio.module-group enabled false 
gsettings set org.freedesktop.pulseaudio.module-group locked false 
gsettings set org.freedesktop.pulseaudio.module-group name '' 
gsettings set org.freedesktop.pulseaudio.module-group name0 '' 
gsettings set org.freedesktop.pulseaudio.module-group name1 '' 
gsettings set org.freedesktop.pulseaudio.module-group name2 '' 
gsettings set org.freedesktop.pulseaudio.module-group name3 '' 
gsettings set org.freedesktop.pulseaudio.module-group name4 '' 
gsettings set org.freedesktop.pulseaudio.module-group name5 '' 
gsettings set org.freedesktop.pulseaudio.module-group name6 '' 
gsettings set org.freedesktop.pulseaudio.module-group name7 '' 
gsettings set org.freedesktop.pulseaudio.module-group name8 '' 
gsettings set org.freedesktop.pulseaudio.module-group name9 '' 
gsettings set org.freedesktop.pulseaudio.module-group args0 '' 
gsettings set org.freedesktop.pulseaudio.module-group args1 '' 
gsettings set org.freedesktop.pulseaudio.module-group args2 '' 
gsettings set org.freedesktop.pulseaudio.module-group args3 '' 
gsettings set org.freedesktop.pulseaudio.module-group args4 '' 
gsettings set org.freedesktop.pulseaudio.module-group args5 '' 
gsettings set org.freedesktop.pulseaudio.module-group args6 '' 
gsettings set org.freedesktop.pulseaudio.module-group args7 '' 
gsettings set org.freedesktop.pulseaudio.module-group args8 '' 
gsettings set org.freedesktop.pulseaudio.module-group args9 '' 
gsettings set org.freedesktop.pulseaudio.module-group enabled false 
gsettings set org.freedesktop.pulseaudio.module-group locked false 
gsettings set org.freedesktop.pulseaudio.module-group name '' 
gsettings set org.freedesktop.pulseaudio.module-group name0 '' 
gsettings set org.freedesktop.pulseaudio.module-group name1 '' 
gsettings set org.freedesktop.pulseaudio.module-group name2 '' 
gsettings set org.freedesktop.pulseaudio.module-group name3 '' 
gsettings set org.freedesktop.pulseaudio.module-group name4 '' 
gsettings set org.freedesktop.pulseaudio.module-group name5 '' 
gsettings set org.freedesktop.pulseaudio.module-group name6 '' 
gsettings set org.freedesktop.pulseaudio.module-group name7 '' 
gsettings set org.freedesktop.pulseaudio.module-group name8 '' 
gsettings set org.freedesktop.pulseaudio.module-group name9 '' 
gsettings set org.freedesktop.pulseaudio.module-group args0 '' 
gsettings set org.freedesktop.pulseaudio.module-group args1 '' 
gsettings set org.freedesktop.pulseaudio.module-group args2 '' 
gsettings set org.freedesktop.pulseaudio.module-group args3 '' 
gsettings set org.freedesktop.pulseaudio.module-group args4 '' 
gsettings set org.freedesktop.pulseaudio.module-group args5 '' 
gsettings set org.freedesktop.pulseaudio.module-group args6 '' 
gsettings set org.freedesktop.pulseaudio.module-group args7 '' 
gsettings set org.freedesktop.pulseaudio.module-group args8 '' 
gsettings set org.freedesktop.pulseaudio.module-group args9 '' 
gsettings set org.freedesktop.pulseaudio.module-group enabled false 
gsettings set org.freedesktop.pulseaudio.module-group locked false 
gsettings set org.freedesktop.pulseaudio.module-group name '' 
gsettings set org.freedesktop.pulseaudio.module-group name0 '' 
gsettings set org.freedesktop.pulseaudio.module-group name1 '' 
gsettings set org.freedesktop.pulseaudio.module-group name2 '' 
gsettings set org.freedesktop.pulseaudio.module-group name3 '' 
gsettings set org.freedesktop.pulseaudio.module-group name4 '' 
gsettings set org.freedesktop.pulseaudio.module-group name5 '' 
gsettings set org.freedesktop.pulseaudio.module-group name6 '' 
gsettings set org.freedesktop.pulseaudio.module-group name7 '' 
gsettings set org.freedesktop.pulseaudio.module-group name8 '' 
gsettings set org.freedesktop.pulseaudio.module-group name9 '' 
gsettings set org.gnome.Epiphany.permissions advertisement-permission 'undecided' 
gsettings set org.gnome.Epiphany.permissions audio-device-permission 'undecided' 
gsettings set org.gnome.Epiphany.permissions autoplay-permission 'undecided' 
gsettings set org.gnome.Epiphany.permissions display-device-permission 'undecided' 
gsettings set org.gnome.Epiphany.permissions geolocation-permission 'undecided' 
gsettings set org.gnome.Epiphany.permissions notifications-permission 'undecided' 
gsettings set org.gnome.Epiphany.permissions save-password-permission 'undecided' 
gsettings set org.gnome.Epiphany.permissions video-device-permission 'undecided' 
gsettings set org.gnome.Epiphany.state download-dir 'Downloads' 
gsettings set org.gnome.Epiphany.state is-maximized false 
gsettings set org.gnome.Epiphany.state recent-encodings [''] 
gsettings set org.gnome.Epiphany.state window-position (-1, -1) 
gsettings set org.gnome.Epiphany.state window-size (-1, -1) 
gsettings set org.gnome.Epiphany.web always-show-full-url false 
gsettings set org.gnome.Epiphany.web ask-on-download false 
gsettings set org.gnome.Epiphany.web auto-open-schemes @a(ss) [] 
gsettings set org.gnome.Epiphany.web autofill-data false 
gsettings set org.gnome.Epiphany.web default-encoding 'iso-8859-1' 
gsettings set org.gnome.Epiphany.web default-zoom-level 1.0 
gsettings set org.gnome.Epiphany.web enable-adblock true 
gsettings set org.gnome.Epiphany.web enable-autosearch true 
gsettings set org.gnome.Epiphany.web enable-itp true 
gsettings set org.gnome.Epiphany.web enable-mouse-gestures false 
gsettings set org.gnome.Epiphany.web enable-navigation-gestures true 
gsettings set org.gnome.Epiphany.web enable-popups false 
gsettings set org.gnome.Epiphany.web enable-site-specific-quirks true 
gsettings set org.gnome.Epiphany.web enable-spell-checking true 
gsettings set org.gnome.Epiphany.web enable-user-css false 
gsettings set org.gnome.Epiphany.web enable-user-js false 
gsettings set org.gnome.Epiphany.web enable-webextensions false 
gsettings set org.gnome.Epiphany.web enable-website-data-storage true 
gsettings set org.gnome.Epiphany.web hardware-acceleration-policy 'always' 
gsettings set org.gnome.Epiphany.web language ['system'] 
gsettings set org.gnome.Epiphany.web last-download-directory '' 
gsettings set org.gnome.Epiphany.web last-upload-directory '' 
gsettings set org.gnome.Epiphany.web min-font-size 0 
gsettings set org.gnome.Epiphany.web monospace-font 'Monospace 12' 
gsettings set org.gnome.Epiphany.web reader-mode-zoom-level 1.0 
gsettings set org.gnome.Epiphany.web remember-passwords true 
gsettings set org.gnome.Epiphany.web sans-serif-font 'Sans 12' 
gsettings set org.gnome.Epiphany.web serif-font 'Serif 12' 
gsettings set org.gnome.Epiphany.web show-developer-actions false 
gsettings set org.gnome.Epiphany.web switch-to-new-tab false 
gsettings set org.gnome.Epiphany.web use-gnome-fonts true 
gsettings set org.gnome.Epiphany.web user-agent '' 
gsettings set org.gnome.Epiphany.web webextensions-active @as [] 
gsettings set org.gnome.desktop.peripherals.tablet area [0.0, 0.0, 0.0, 0.0] 
gsettings set org.gnome.desktop.peripherals.tablet keep-aspect false 
gsettings set org.gnome.desktop.peripherals.tablet left-handed false 
gsettings set org.gnome.desktop.peripherals.tablet mapping 'absolute' 
gsettings set org.gnome.desktop.peripherals.tablet output ['', '', ''] 
gsettings set org.gnome.desktop.peripherals.touchscreen output ['', '', ''] 
gsettings set org.gnome.login-screen enable-fingerprint-authentication true 
gsettings set org.gnome.login-screen enable-smartcard-authentication false 
gsettings set org.gnome.portal.filechooser last-folder-path '' 
gsettings set org.gnome.software.auth account-id '' 
